<?xml version="1.0" encoding="UTF-8"?>
<testsuite xmlns:xsi="http://www.w3.org/2001/XMLSchema-instance" xsi:noNamespaceSchemaLocation="https://maven.apache.org/surefire/maven-failsafe-plugin/xsd/failsafe-test-report.xsd" name="TestSuite" time="78.263" tests="8" errors="0" skipped="0" failures="0">
  <properties>
[...]
</properties>
  <testcase name="firstDataDrivenTestMethod" classname="com.assurity.automation.demo.tests.InitTest" time="0.026"/>
  <testcase name="firstDataDrivenTestMethod" classname="com.assurity.automation.demo.tests.InitTest" time="0.001"/>
  <testcase name="initTest" classname="com.assurity.automation.demo.tests.InitTest" time="0.009"/>
  <testcase name="sampleTestCase" classname="com.assurity.automation.demo.tests.InitTest" time="0.003"/>
  <testcase name="addEmployeeDataProviderTestcase" classname="com.assurity.automation.demo.tests.EmployeeServiceTest" time="0.848"/>
  <testcase name="addEmployeeDataProviderTestcase" classname="com.assurity.automation.demo.tests.EmployeeServiceTest" time="0.011"/>
  <testcase name="addEmployeeTestcase" classname="com.assurity.automation.demo.tests.EmployeeServiceTest" time="0.1"/>
  <testcase name="getEmployeeTestcase" classname="com.assurity.automation.demo.tests.EmployeeServiceTest" time="0.01"/>
</testsuite>